android/app/build/intermediates/manifest_merge_blame_file/debug/manifest-merger-blame-debug-report.txt
1<?xml version="1.0" encoding="utf-8"?>
2<manifest xmlns:android="http://schemas.android.com/apk/res/android"
3    package="com.awesometsproject"
4    android:versionCode="1"
5    android:versionName="1.0" >
6
7    <uses-sdk
8        android:minSdkVersion="21"
9        android:targetSdkVersion="31" />
10
11    <uses-permission android:name="android.permission.SYSTEM_ALERT_WINDOW" />
11-->src/debug/AndroidManifest.xml:5:5-77
11-->src/debug/AndroidManifest.xml:5:22-75
12    <uses-permission android:name="android.permission.CAMERA" />
12-->src/main/AndroidManifest.xml:5:5-64
12-->src/main/AndroidManifest.xml:5:22-62
13    <uses-permission android:name="android.permission.RECORD_AUDIO" />
13-->src/main/AndroidManifest.xml:6:5-70
13-->src/main/AndroidManifest.xml:6:22-68
14    <uses-permission android:name="android.permission.READ_EXTERNAL_STORAGE" />
14-->src/main/AndroidManifest.xml:7:5-80
14-->src/main/AndroidManifest.xml:7:22-77
15    <uses-permission android:name="android.permission.WRITE_EXTERNAL_STORAGE" />
15-->src/main/AndroidManifest.xml:8:5-81
15-->src/main/AndroidManifest.xml:8:22-78
16    <uses-permission android:name="android.permission.INTERNET" />
16-->src/main/AndroidManifest.xml:4:5-67
16-->src/main/AndroidManifest.xml:4:22-64
17    <uses-permission android:name="android.permission.ACCESS_WIFI_STATE" />
17-->[com.facebook.flipper:flipper:0.125.0] AndroidManifest.xml:16:5-76
17-->[com.facebook.flipper:flipper:0.125.0] AndroidManifest.xml:16:22-73
18
19    <uses-feature
19-->[:react-native-camera] AndroidManifest.xml:11:5-13:36
20        android:name="android.hardware.camera"
20-->[:react-native-camera] AndroidManifest.xml:12:9-47
21        android:required="false" />
21-->[:react-native-camera] AndroidManifest.xml:13:9-33
22    <uses-feature
22-->[:react-native-camera] AndroidManifest.xml:14:5-16:36
23        android:name="android.hardware.camera.autofocus"
23-->[:react-native-camera] AndroidManifest.xml:15:9-57
24        android:required="false" />
24-->[:react-native-camera] AndroidManifest.xml:16:9-33
25    <uses-feature
25-->[ly.img.android.sdk.ui.mobile_ui:photo-main:10.0.1] AndroidManifest.xml:25:5-27:35
26        android:glEsVersion="0x00020000"
26-->[ly.img.android.sdk.ui.mobile_ui:photo-main:10.0.1] AndroidManifest.xml:26:9-41
27        android:required="true" /> <!-- Although the *SdkVersion is captured in gradle build files, this is required for non gradle builds -->
27-->[ly.img.android.sdk.ui.mobile_ui:photo-main:10.0.1] AndroidManifest.xml:27:9-32
28    <!-- <uses-sdk android:minSdkVersion="14"/> -->
29    <uses-permission android:name="android.permission.ACCESS_NETWORK_STATE" />
29-->[com.google.android.datatransport:transport-backend-cct:2.3.3] AndroidManifest.xml:25:5-79
29-->[com.google.android.datatransport:transport-backend-cct:2.3.3] AndroidManifest.xml:25:22-76
30
31    <application
31-->src/main/AndroidManifest.xml:10:5-29:19
32        android:name="com.awesometsproject.MainApplication"
32-->src/main/AndroidManifest.xml:11:7-38
33        android:allowBackup="false"
33-->src/main/AndroidManifest.xml:15:7-34
34        android:appComponentFactory="androidx.core.app.CoreComponentFactory"
34-->[androidx.core:core:1.7.0] AndroidManifest.xml:24:18-86
35        android:debuggable="true"
36        android:icon="@mipmap/ic_launcher"
36-->src/main/AndroidManifest.xml:13:7-41
37        android:label="@string/app_name"
37-->src/main/AndroidManifest.xml:12:7-39
38        android:largeHeap="true"
38-->[ly.img.android.sdk.assets:sticker-shapes:10.0.1] AndroidManifest.xml:25:18-42
39        android:roundIcon="@mipmap/ic_launcher_round"
39-->src/main/AndroidManifest.xml:14:7-52
40        android:theme="@style/AppTheme"
40-->src/main/AndroidManifest.xml:16:7-38
41        android:usesCleartextTraffic="true" >
41-->src/debug/AndroidManifest.xml:12:9-44
42        <activity
42-->src/debug/AndroidManifest.xml:15:9-111
43            android:name="com.facebook.react.devsupport.DevSettingsActivity"
43-->src/debug/AndroidManifest.xml:15:19-83
44            android:exported="false" />
44-->src/debug/AndroidManifest.xml:15:84-108
45        <activity
45-->src/main/AndroidManifest.xml:17:7-28:18
46            android:name="com.awesometsproject.MainActivity"
46-->src/main/AndroidManifest.xml:18:9-37
47            android:configChanges="keyboard|keyboardHidden|orientation|screenLayout|screenSize|smallestScreenSize|uiMode"
47-->src/main/AndroidManifest.xml:20:9-118
48            android:exported="true"
48-->src/main/AndroidManifest.xml:23:9-32
49            android:label="@string/app_name"
49-->src/main/AndroidManifest.xml:19:9-41
50            android:launchMode="singleTask"
50-->src/main/AndroidManifest.xml:21:9-40
51            android:windowSoftInputMode="adjustResize" >
51-->src/main/AndroidManifest.xml:22:9-51
52            <intent-filter>
52-->src/main/AndroidManifest.xml:24:9-27:25
53                <action android:name="android.intent.action.MAIN" />
53-->src/main/AndroidManifest.xml:25:13-65
53-->src/main/AndroidManifest.xml:25:21-62
54
55                <category android:name="android.intent.category.LAUNCHER" />
55-->src/main/AndroidManifest.xml:26:13-73
55-->src/main/AndroidManifest.xml:26:23-70
56            </intent-filter>
57        </activity>
58
59        <provider
59-->[:react-native-image-picker] AndroidManifest.xml:10:9-18:20
60            android:name="com.imagepicker.ImagePickerProvider"
60-->[:react-native-image-picker] AndroidManifest.xml:11:13-63
61            android:authorities="com.awesometsproject.imagepickerprovider"
61-->[:react-native-image-picker] AndroidManifest.xml:12:13-71
62            android:exported="false"
62-->[:react-native-image-picker] AndroidManifest.xml:13:13-37
63            android:grantUriPermissions="true" >
63-->[:react-native-image-picker] AndroidManifest.xml:14:13-47
64            <meta-data
64-->[:react-native-image-picker] AndroidManifest.xml:15:13-17:70
65                android:name="android.support.FILE_PROVIDER_PATHS"
65-->[:react-native-image-picker] AndroidManifest.xml:16:17-67
66                android:resource="@xml/imagepicker_provider_paths" />
66-->[:react-native-image-picker] AndroidManifest.xml:17:17-67
67        </provider>
68        <provider
68-->[:react-native-photoeditorsdk] AndroidManifest.xml:11:9-16:47
69            android:name="ly.img.android.IMGLYAutoInit"
69-->[:react-native-photoeditorsdk] AndroidManifest.xml:12:13-56
70            android:authorities="com.awesometsproject.IMGLYAutoInit"
70-->[:react-native-photoeditorsdk] AndroidManifest.xml:13:13-65
71            android:enabled="false"
71-->[:react-native-photoeditorsdk] AndroidManifest.xml:14:13-36
72            android:exported="false" />
72-->[:react-native-photoeditorsdk] AndroidManifest.xml:15:13-37
73
74        <activity
74-->[ly.img.android.sdk.ui.mobile_ui:photo-main:10.0.1] AndroidManifest.xml:30:9-38:20
75            android:name="ly.img.android.pesdk.ui.activity.PhotoEditorActivity"
75-->[ly.img.android.sdk.ui.mobile_ui:photo-main:10.0.1] AndroidManifest.xml:31:13-80
76            android:configChanges="keyboard|keyboardHidden|screenSize|uiMode"
76-->[ly.img.android.sdk.ui.mobile_ui:photo-main:10.0.1] AndroidManifest.xml:32:13-78
77            android:exported="true"
77-->[ly.img.android.sdk.ui.mobile_ui:photo-main:10.0.1] AndroidManifest.xml:33:13-36
78            android:hardwareAccelerated="true"
78-->[ly.img.android.sdk.ui.mobile_ui:photo-main:10.0.1] AndroidManifest.xml:34:13-47
79            android:label="@string/app_name"
79-->[ly.img.android.sdk.ui.mobile_ui:photo-main:10.0.1] AndroidManifest.xml:35:13-45
80            android:screenOrientation="portrait"
80-->[ly.img.android.sdk.ui.mobile_ui:photo-main:10.0.1] AndroidManifest.xml:36:13-49
81            android:windowSoftInputMode="adjustPan" >
81-->[ly.img.android.sdk.ui.mobile_ui:photo-main:10.0.1] AndroidManifest.xml:37:13-52
82        </activity>
83        <activity
83-->[ly.img.android.sdk.ui.mobile_ui:all:10.0.1] AndroidManifest.xml:35:9-43:20
84            android:name="ly.img.android.pesdk.ui.activity.EditorActivity"
84-->[ly.img.android.sdk.ui.mobile_ui:all:10.0.1] AndroidManifest.xml:36:13-75
85            android:configChanges="keyboard|keyboardHidden|screenSize|uiMode"
85-->[ly.img.android.sdk.ui.mobile_ui:all:10.0.1] AndroidManifest.xml:37:13-78
86            android:exported="true"
86-->[ly.img.android.sdk.ui.mobile_ui:all:10.0.1] AndroidManifest.xml:38:13-36
87            android:hardwareAccelerated="true"
87-->[ly.img.android.sdk.ui.mobile_ui:all:10.0.1] AndroidManifest.xml:39:13-47
88            android:label="@string/app_name"
88-->[ly.img.android.sdk.ui.mobile_ui:all:10.0.1] AndroidManifest.xml:40:13-45
89            android:screenOrientation="portrait"
89-->[ly.img.android.sdk.ui.mobile_ui:all:10.0.1] AndroidManifest.xml:41:13-49
90            android:windowSoftInputMode="adjustPan" >
90-->[ly.img.android.sdk.ui.mobile_ui:all:10.0.1] AndroidManifest.xml:42:13-52
91        </activity>
92        <activity
92-->[ly.img.android.sdk.ui.mobile_ui:video-main:10.0.1] AndroidManifest.xml:30:9-38:20
93            android:name="ly.img.android.pesdk.ui.activity.VideoEditorActivity"
93-->[ly.img.android.sdk.ui.mobile_ui:video-main:10.0.1] AndroidManifest.xml:31:13-80
94            android:configChanges="keyboard|keyboardHidden|screenSize|uiMode"
94-->[ly.img.android.sdk.ui.mobile_ui:video-main:10.0.1] AndroidManifest.xml:32:13-78
95            android:exported="true"
95-->[ly.img.android.sdk.ui.mobile_ui:video-main:10.0.1] AndroidManifest.xml:33:13-36
96            android:hardwareAccelerated="true"
96-->[ly.img.android.sdk.ui.mobile_ui:video-main:10.0.1] AndroidManifest.xml:34:13-47
97            android:label="@string/app_name"
97-->[ly.img.android.sdk.ui.mobile_ui:video-main:10.0.1] AndroidManifest.xml:35:13-45
98            android:screenOrientation="portrait"
98-->[ly.img.android.sdk.ui.mobile_ui:video-main:10.0.1] AndroidManifest.xml:36:13-49
99            android:windowSoftInputMode="adjustPan" >
99-->[ly.img.android.sdk.ui.mobile_ui:video-main:10.0.1] AndroidManifest.xml:37:13-52
100        </activity>
101
102        <service
102-->[com.google.android.gms:play-services-mlkit-barcode-scanning:16.2.0] AndroidManifest.xml:9:9-15:19
103            android:name="com.google.mlkit.common.internal.MlKitComponentDiscoveryService"
103-->[com.google.android.gms:play-services-mlkit-barcode-scanning:16.2.0] AndroidManifest.xml:10:13-91
104            android:directBootAware="true"
104-->[com.google.mlkit:common:17.2.0] AndroidManifest.xml:17:13-43
105            android:exported="false" >
105-->[com.google.android.gms:play-services-mlkit-barcode-scanning:16.2.0] AndroidManifest.xml:11:13-37
106            <meta-data
106-->[com.google.android.gms:play-services-mlkit-barcode-scanning:16.2.0] AndroidManifest.xml:12:13-14:85
107                android:name="com.google.firebase.components:com.google.mlkit.vision.barcode.internal.BarcodeRegistrar"
107-->[com.google.android.gms:play-services-mlkit-barcode-scanning:16.2.0] AndroidManifest.xml:13:17-120
108                android:value="com.google.firebase.components.ComponentRegistrar" />
108-->[com.google.android.gms:play-services-mlkit-barcode-scanning:16.2.0] AndroidManifest.xml:14:17-82
109            <meta-data
109-->[com.google.android.gms:play-services-mlkit-face-detection:16.2.0] AndroidManifest.xml:12:13-14:85
110                android:name="com.google.firebase.components:com.google.mlkit.vision.face.internal.FaceRegistrar"
110-->[com.google.android.gms:play-services-mlkit-face-detection:16.2.0] AndroidManifest.xml:13:17-114
111                android:value="com.google.firebase.components.ComponentRegistrar" />
111-->[com.google.android.gms:play-services-mlkit-face-detection:16.2.0] AndroidManifest.xml:14:17-82
112            <meta-data
112-->[com.google.android.gms:play-services-mlkit-text-recognition:16.3.0] AndroidManifest.xml:12:13-14:85
113                android:name="com.google.firebase.components:com.google.mlkit.vision.text.internal.TextRegistrar"
113-->[com.google.android.gms:play-services-mlkit-text-recognition:16.3.0] AndroidManifest.xml:13:17-114
114                android:value="com.google.firebase.components.ComponentRegistrar" />
114-->[com.google.android.gms:play-services-mlkit-text-recognition:16.3.0] AndroidManifest.xml:14:17-82
115            <meta-data
115-->[com.google.mlkit:vision-common:16.5.0] AndroidManifest.xml:12:13-14:85
116                android:name="com.google.firebase.components:com.google.mlkit.vision.common.internal.VisionCommonRegistrar"
116-->[com.google.mlkit:vision-common:16.5.0] AndroidManifest.xml:13:17-124
117                android:value="com.google.firebase.components.ComponentRegistrar" />
117-->[com.google.mlkit:vision-common:16.5.0] AndroidManifest.xml:14:17-82
118            <meta-data
118-->[com.google.mlkit:common:17.2.0] AndroidManifest.xml:20:13-22:85
119                android:name="com.google.firebase.components:com.google.mlkit.common.internal.CommonComponentRegistrar"
119-->[com.google.mlkit:common:17.2.0] AndroidManifest.xml:21:17-120
120                android:value="com.google.firebase.components.ComponentRegistrar" />
120-->[com.google.mlkit:common:17.2.0] AndroidManifest.xml:22:17-82
121        </service>
122
123        <provider
123-->[com.google.mlkit:common:17.2.0] AndroidManifest.xml:9:9-13:38
124            android:name="com.google.mlkit.common.internal.MlKitInitProvider"
124-->[com.google.mlkit:common:17.2.0] AndroidManifest.xml:10:13-78
125            android:authorities="com.awesometsproject.mlkitinitprovider"
125-->[com.google.mlkit:common:17.2.0] AndroidManifest.xml:11:13-69
126            android:exported="false"
126-->[com.google.mlkit:common:17.2.0] AndroidManifest.xml:12:13-37
127            android:initOrder="99" />
127-->[com.google.mlkit:common:17.2.0] AndroidManifest.xml:13:13-35
128
129        <activity
129-->[com.google.android.gms:play-services-base:17.6.0] AndroidManifest.xml:23:9-26:75
130            android:name="com.google.android.gms.common.api.GoogleApiActivity"
130-->[com.google.android.gms:play-services-base:17.6.0] AndroidManifest.xml:24:13-79
131            android:exported="false"
131-->[com.google.android.gms:play-services-base:17.6.0] AndroidManifest.xml:25:13-37
132            android:theme="@android:style/Theme.Translucent.NoTitleBar" />
132-->[com.google.android.gms:play-services-base:17.6.0] AndroidManifest.xml:26:13-72
133
134        <meta-data
134-->[com.google.android.gms:play-services-basement:17.6.0] AndroidManifest.xml:23:9-25:69
135            android:name="com.google.android.gms.version"
135-->[com.google.android.gms:play-services-basement:17.6.0] AndroidManifest.xml:24:13-58
136            android:value="@integer/google_play_services_version" />
136-->[com.google.android.gms:play-services-basement:17.6.0] AndroidManifest.xml:25:13-66
137
138        <provider
138-->[androidx.emoji2:emoji2:1.0.0] AndroidManifest.xml:26:9-34:20
139            android:name="androidx.startup.InitializationProvider"
139-->[androidx.emoji2:emoji2:1.0.0] AndroidManifest.xml:27:13-67
140            android:authorities="com.awesometsproject.androidx-startup"
140-->[androidx.emoji2:emoji2:1.0.0] AndroidManifest.xml:28:13-68
141            android:exported="false" >
141-->[androidx.emoji2:emoji2:1.0.0] AndroidManifest.xml:29:13-37
142            <meta-data
142-->[androidx.emoji2:emoji2:1.0.0] AndroidManifest.xml:31:13-33:52
143                android:name="androidx.emoji2.text.EmojiCompatInitializer"
143-->[androidx.emoji2:emoji2:1.0.0] AndroidManifest.xml:32:17-75
144                android:value="androidx.startup" />
144-->[androidx.emoji2:emoji2:1.0.0] AndroidManifest.xml:33:17-49
145            <meta-data
145-->[androidx.lifecycle:lifecycle-process:2.4.0] AndroidManifest.xml:31:13-33:52
146                android:name="androidx.lifecycle.ProcessLifecycleInitializer"
146-->[androidx.lifecycle:lifecycle-process:2.4.0] AndroidManifest.xml:32:17-78
147                android:value="androidx.startup" />
147-->[androidx.lifecycle:lifecycle-process:2.4.0] AndroidManifest.xml:33:17-49
148        </provider>
149
150        <service
150-->[com.google.android.datatransport:transport-backend-cct:2.3.3] AndroidManifest.xml:29:9-35:19
151            android:name="com.google.android.datatransport.runtime.backends.TransportBackendDiscovery"
151-->[com.google.android.datatransport:transport-backend-cct:2.3.3] AndroidManifest.xml:30:13-103
152            android:exported="false" >
152-->[com.google.android.datatransport:transport-backend-cct:2.3.3] AndroidManifest.xml:31:13-37
153            <meta-data
153-->[com.google.android.datatransport:transport-backend-cct:2.3.3] AndroidManifest.xml:32:13-34:39
154                android:name="backend:com.google.android.datatransport.cct.CctBackendFactory"
154-->[com.google.android.datatransport:transport-backend-cct:2.3.3] AndroidManifest.xml:33:17-94
155                android:value="cct" />
155-->[com.google.android.datatransport:transport-backend-cct:2.3.3] AndroidManifest.xml:34:17-36
156        </service>
157        <service
157-->[com.google.android.datatransport:transport-runtime:2.2.6] AndroidManifest.xml:26:9-30:19
158            android:name="com.google.android.datatransport.runtime.scheduling.jobscheduling.JobInfoSchedulerService"
158-->[com.google.android.datatransport:transport-runtime:2.2.6] AndroidManifest.xml:27:13-117
159            android:exported="false"
159-->[com.google.android.datatransport:transport-runtime:2.2.6] AndroidManifest.xml:28:13-37
160            android:permission="android.permission.BIND_JOB_SERVICE" >
160-->[com.google.android.datatransport:transport-runtime:2.2.6] AndroidManifest.xml:29:13-69
161        </service>
162
163        <receiver
163-->[com.google.android.datatransport:transport-runtime:2.2.6] AndroidManifest.xml:32:9-34:40
164            android:name="com.google.android.datatransport.runtime.scheduling.jobscheduling.AlarmManagerSchedulerBroadcastReceiver"
164-->[com.google.android.datatransport:transport-runtime:2.2.6] AndroidManifest.xml:33:13-132
165            android:exported="false" />
165-->[com.google.android.datatransport:transport-runtime:2.2.6] AndroidManifest.xml:34:13-37
166    </application>
167
168</manifest>